<?xml version="1.0" encoding="UTF-8"?>
<!-- Generated by org.testng.reporters.JUnitReportReporter -->
<testsuite hostname="RU1202197827" name="com.example.tests.CopyOfGroupCreationTests" tests="2" failures="0" timestamp="25 Jun 2015 10:28:38 GMT" time="3.383" errors="0">
  <testcase name="testGroupWithEmptyDataCanBeCreated" time="1.671" classname="com.example.tests.CopyOfGroupCreationTests"/>
  <testcase name="testValidGr" time="1.712" classname="com.example.tests.CopyOfGroupCreationTests"/>
</testsuite> <!-- com.example.tests.CopyOfGroupCreationTests -->
