<?xml version="1.0" encoding="UTF-8"?>
<!-- Generated by org.testng.reporters.JUnitReportReporter -->
<testsuite hostname="RU1202197827" name="com.example.tests.ContactRemovalTests" tests="1" failures="0" timestamp="1 Jul 2015 06:01:41 GMT" time="1.198" errors="0">
  <testcase name="deleteSomeContact" time="1.198" classname="com.example.tests.ContactRemovalTests"/>
</testsuite> <!-- com.example.tests.ContactRemovalTests -->
