<?xml version="1.0" encoding="UTF-8"?>
<!-- Generated by org.testng.reporters.JUnitReportReporter -->
<testsuite hostname="RU1202197827" name="com.example.tests.ContactCreationTests" tests="2" failures="0" timestamp="25 Jun 2015 10:28:38 GMT" time="7.547" errors="0">
  <testcase name="testContactWithEmptyDataCanBeCreated" time="3.621" classname="com.example.tests.ContactCreationTests"/>
  <testcase name="testValidGroupCanBeCreated" time="3.926" classname="com.example.tests.ContactCreationTests"/>
</testsuite> <!-- com.example.tests.ContactCreationTests -->
