<?xml version="1.0" encoding="UTF-8"?>
<!-- Generated by org.testng.reporters.JUnitReportReporter -->
<testsuite hostname="RU1202197827" name="com.example.tests.GroupRemovalTests" tests="1" failures="0" timestamp="30 Jun 2015 11:35:41 GMT" time="1.004" errors="0">
  <testcase name="deleteSomeGroup" time="1.004" classname="com.example.tests.GroupRemovalTests"/>
</testsuite> <!-- com.example.tests.GroupRemovalTests -->
