<?xml version="1.0" encoding="UTF-8"?>
<!-- Generated by org.testng.reporters.JUnitReportReporter -->
<testsuite hostname="RU1202197827" name="com.example.tests.GroupCreationTests" tests="2" failures="0" timestamp="30 Jun 2015 14:03:24 GMT" time="3.434" errors="0">
  <testcase name="testGroupWithEmptyDataCanBeCreated" time="1.884" classname="com.example.tests.GroupCreationTests"/>
  <testcase name="testValidGr" time="1.550" classname="com.example.tests.GroupCreationTests"/>
</testsuite> <!-- com.example.tests.GroupCreationTests -->
